2025-06-29 20:04:55,849 - ERROR - BLOCK_START
无法提取有效问答。模型回复: 根据提供的原文内容，没有直接包含具体的提问或话题引发段永平回应的内容。因此，在当前的文本中，并未找到符合提取规则的问题和答案配对。

输出结果如下：
```json
[]
```

如果后续有具体问题或段落引用，请提供详细信息以便进一步分析和提取问答对。

Block:
没有人能随随便便成功

——段永平论企业经营

整理人：雪球@babygirl

目录

序.................................................................................................................................................1

前言.............................................................................................................................................2

1、如何学大道...................................................................................................................2

2、段永平论学习和悟性.................................................................................................. 3

道篇第一...................................................................................................................................12

1、“不秘”诀：本分+平常心...........................................................................................12

2、段永平论做对的事情................................................................................................ 14

2、段永平论把事情做对................................................................................................ 22

3、段永平论本质............................................................................................................ 36

5、段永平论想长远........................................................................................................ 42

6、段永平论原则............................................................................................................ 56

7、段永平妙语平常心.................................................................................................... 66

8、段永平论stop doing list.............................................................................................72
BLOCK_END
2025-06-29 20:04:57,615 - ERROR - BLOCK_START
无法提取有效问答。模型回复: 根据提供的原文内容，没有直接包含具体的提问和段永平的回答。因此，按照提取规则，这里没有符合条件的问答对可以提取。

输出结果如下：
```json
[]
```

如果后续有具体的对话或讨论内容，请提供详细信息以便进行分析和提取。

Block:
生意模式和企业文化篇第二.................................................................................................. 82

1、段永平论生意模式.................................................................................................... 82

2、段永平论生意模式案例............................................................................................ 92

3、段永平论企业文化.................................................................................................. 105

4、段永平讲解企业文化.............................................................................................. 123

5、步步高企业文化...................................................................................................... 131

6、段永平论消费者导向.............................................................................................. 140

7、段永平论诚信正直公平.......................................................................................... 158

战略组织运营篇第三............................................................................................................ 174

1、段永平论欲速则不达.............................................................................................. 174

2、段永平论敢为天下后.............................................................................................. 189

3、段永平论焦点法则.................................................................................................. 200

4、段永平论差异化...................................................................................................... 212

5、段永平论广告与品牌.............................................................................................. 226
BLOCK_END
2025-06-29 20:05:00,071 - ERROR - BLOCK_START
无法提取有效问答。模型回复: 根据提供的原文内容，没有直接提问或段永平对具体问题的回答。因此，按照提取规则，这里没有符合条件的问答对需要提取。

输出结果如下：
```json
[]
```

如果有更多具体的对话内容，请提供，以便进一步分析和提取有效的问答对。

Block:
6、段永平论定价与销售.............................................................................................. 240

7、段永平论人才与团队.............................................................................................. 251

8、段永平论制度和系统.............................................................................................. 265

9、段永平论基本功和木桶理论.................................................................................. 275

人生篇第四.............................................................................................................................283

1、段永平论做喜欢做的事.......................................................................................... 283

2、段永平在浙大给毕业生的讲话.............................................................................. 290

3、段永平论快乐人生.................................................................................................. 292

1

序

本书是对段永平经营思想的整理，主要包括几个部分：

前言：学习大道的要点和大道的学习方法。学习主要学基本原则，尤其是什么事情不能

做；学习需要开放的心态和深入思考的习惯。

道篇：学习大道人生的价值观和方法论，本分、平常心、做对的事、把事做对。

生意模式和企业文化篇：学习什么是好的生意模式和好的企业文化。

战略组织运营篇：战略就是讲怎么赢，从欲速不达开始，“安全”是第一原则，安全的

反面是求大求快忘记风险，敢为天下后、焦点法则都是安全求发展的具体策略，差异化是战

略落地的最终表现，差异化是满足用户需要而其他人没能满足的需求，最重要的差异化是产

品差异化。

组织的关键是人，合格性和合格性是对人的判断标准，保健因子和激励因子是留人的原

则，人有效的开展工作，除了企业文化，还需要好的管理制度。

运营的基本要求是练好基本功，木桶不能有短板，7S 的各要素协调一致向同一个方向

发力，才能保障把事情做对。

人生篇：企业经营只是人生的一个部分，如何度过快乐而有意义的一生？做喜欢做的事，

喜欢正在做的事，诚信正直，有所不为，快乐人生是最大财富。

2

前言

1、如何学大道

大道很早之前提示过怎样学巴菲特

“学巴菲特最重要和人们能够学的东西其实是他不做什么！绝大多数人学的是相反的东

西，就是他在做什么，那是没办法学的，因为每个人的能力圈不同。巴菲特说知道自己能力

圈有多大比能力圈有多大要重要的多。当然，能力圈的大小也是可以学的，但那是每个人自

己的经历包括学历等，巴菲特不教这个。”

今年又有网友问术的问题，大道的回复
BLOCK_END
2025-06-29 20:24:10,846 - ERROR - BLOCK_START
无法提取有效问答。模型回复: 根据提供的原文内容，并未直接包含段永平的具体回答或回应，因此无法按照要求提取有效的问答对。以下是原文中提到的观点和讨论点：

```json
[
  {"question": "时刻提醒自己哈。", "answer": ""},
  {"question": "平常心大多应该是后天养成的习惯，时常想着概率自然会大些。", "answer": ""},
  {"question": "其实能有平常心的人经常会不是那么平常的，因为时间久了就不平常了。", "answer": ""},
  {"question": "平常心也许能帮上忙?无论你想买的时候还是想卖的时候，先回到原点，想想这是否是一件正确的事情。买和其曾经到过的价钱无关，卖和你的成本无关。这样想，犯错的概率大概就低了？", "answer": ""},
  {"question": "我特别推崇“平常心”，这不仅在经营企业，在做任何事情时都特别重要。比如，在企业中，经常有各种各样的诱惑围绕着你，面对这些诱惑就需要平常心。如果有人推荐一个项目，说投入2000万，短时间就可以挣两亿，我们肯定没兴趣。我们所做的，就是播种、耕种，然后才收获。", "answer": ""},
  {"question": "做事情要有一颗平常心，不能急躁，事物都有一个发展的规律，企业发展也是一个渐进的过程，出现一点挫折或取得进步都是正常的，要赢得起，也要输得起。好多高手与泰格·伍兹打高尔夫，最后一杆几码距离就是推不进，不是技术的原因，就是没有保持平常心，老想着这一杆推进去了就是冠军了，就可以赢伍兹了。伍兹的厉害处就是就想这一杆该怎样打就怎样打，所以就赢多输少了。做企业也是一样要有平常心，不能贪大求快，大干快上。", "answer": ""},
  {"question": "平常心指的是理性思考,平常人多不理性。", "answer": ""},
  {"question": "如果你能平常心去看问题就会容易看到事物的本质。", "answer": ""},
  {"question": "简化一个复杂的问题绝对不是一件容易的事。我的很多“简单”的结论是花了很长很长时间得出来的，千万别以为我是一眼就看出来了。不过，“平常心”可以帮助人去找到事物的本源。", "answer": ""},
  {"question": "我们比较平常心，收不到钱的生意我们不做，不管听起来有多好。记得以前有家美国公司倒了国内一家同行4-5亿美金。这家美国公司之前也找过我们，一听说我们的条件就走了。", "answer": ""},
  {"question": "今天是我们公司成立15周年。当年选这个日子好像和纪念9.18还有点关系，毕竟日本人的电器厉害啊。现在平常心，知道做企业最大的对手是自己。", "answer": ""},
  {"question": "我们常说的“平常心”其实就是凡事要回到原点去考虑。", "answer": ""},
  {"question": "我想不生气的意思大概是尽量不生气的意思吧。理性地想，确实没啥事情值得生气。当然，理性地想，投资也是没道理不赚钱的，但理性确实难，但老巴习惯理性地思考问题。", "answer": ""},
  {"question": "“平常心”简单讲就是回到事物的本源，知道什么是“事物的本源”不是件容易的事。比如投资，买的就是公司未来的净现金流，别的都是没关系的。但要搞明白公司未来的净现金流是件非常困难的事情。在搞不清公司未来现金流的前提下的投资买的到底是什么呢？在搞不清公司未来净现金流的情况下的“投资”多数情况下会变成投机。所以投资是简单但很难的事情，因为每个人能搞懂的公司非常少，尤其是在这个变化很快的世界里。搞不懂的公司怎么办？别碰就是了。什么叫“懂了”？当你“懂了”的时候你就懂了。", "answer": ""},
  {"question": "每当我们进入一个市场，我们是有“平常心”的，所谓平常心就是要看到机会，但同时也要看到风险，要清楚企业是否能够承受其中的风险。所以，对于我们来说，失败了也就是一个产品、计划的失败而已，对我们并没有产生根本的影响。我们并没有象赌博一样，全部一下子投进去，一旦失败，整个企业就陷入困境了。", "answer": ""},
  {"question": "我们经常讲企业一定要有平常心，平常心其实就是我们要按照经济规律办事情，我们不能好大喜功，不能急功近利，但很容易就被别人理解成说保守。进取心也是平常心，就是说一个企业连进取心都没有怎么能生存得下来。", "answer": ""}
]
```

以上是根据原文内容提取的讨论点和段永平的观点或态度，但由于没有直接问答形式的问题与回答配对，因此只能以观点的形式呈现。

Block:
时刻提醒一下自己哈。

9、平常心大多应该是后天养成的习惯，时常想着概率自然会大些。

10、其实能有平常心的人经常会不是那么平常的，因为时间久了就不平常了。

11、平常心也许能帮上忙?无论你想买的时候还是想卖的时候，先回到原点，想下这是

不是件正确的事情。买和其曾经到过的价钱无关，卖和你的成本无关。这样想，犯错的概率

大概就低了？

12、我特别推崇“平常心”，这不仅在经营企业，在做任何事情时都特别重要。比如，在

企业中，经常有各种各样的诱惑围绕着你，面对这些诱惑就需要平常心。如果有人推荐一个

项目，说投入2000 万，短时间就可以挣两亿，我们肯定没兴趣。我们所做的，就是播种、

耕种，然后才收获。

13、做事情要有一颗平常心，不能急躁，事物都有一个发展的规律，企业发展也是一个

67

渐进的过程，出现一点挫折或取得进步都是正常的，要赢得起，也要输得起。好多高手与泰

格·伍兹打高尔夫，最后一杆几码距离就是推不进，不是技术的原因，就是没有保持平常心，

老想着这一杆推进去了就是冠军了，就可以赢伍兹了。伍兹的厉害处就是就想这一杆该怎样

打就怎样打，所以就赢多输少了。做企业也是一样要有平常心，不能贪大求快，大干快上。

14、平常心指的是理性思考,平常人多不理性。

15、如果你能平常心去看问题就会容易看到事物的本质。

16、简化一个复杂的问题绝对不是一件容易的事。我的很多“简单”的结论是花了很长很

长时间得出来的，千万别以为我是一眼就看出来了。不过，“平常心”可以帮助人去找到事物

的本源。

17、我们比较平常心，收不到钱的生意我们不做，不管听起来有多好。记得以前有家美

国公司倒了国内一家同行4-5 亿美金。这家美国公司之前也找过我们，一听说我们的条件就

走了。

18、今天是我们公司成立15 周年。当年选这个日子好像和纪念9.18 还有点关系，毕竟

日本人的电器厉害啊。现在平常心，知道做企业最大的对手是自己。

19、我们常说的“平常心”其实就是凡事要回到原点去考虑。

20、每个人都想从我这里听到新奇的故事。我说真话人们可能不相信。其实做企业真的

是这样，99％的汗水＋1％的灵感，我称之为平常心。

21、我想不生气的意思大概是尽量不生气的意思吧。理性地想，确实没啥事情值得生气。

当然，理性地想，投资也是没道理不赚钱的，但理性确实难，但老巴习惯理性地思考问题。

22、“平常心”简单讲就是回到事物的本源，知道什么是“事物的本源”不是件容易的事。

比如投资，买的就是公司未来的净现金流，别的都是没关系的。但要搞明白公司未来的净现

金流是件非常困难的事情。在搞不清公司未来现金流的前提下的投资买的到底是什么呢？在

搞不清公司未来净现金流的情况下的“投资”多数情况下会变成投机。所以投资是简单但很难

的事情，因为每个人能搞懂的公司非常少，尤其是在这个变化很快的世界里。搞不懂的公司

怎么办？别碰就是了。什么叫“懂了”？当你“懂了”的时候你就懂了。

23、每当我们进入一个市场，我们是有“平常心”的，所谓平常心就是要看到机会，但同

时也一定要看到风险，要清楚企业是否能够承受其中的风险。所以，对于我们来说，失败了

也就是一个产品、计划的失败而已，对我们并没有产生根本的影响。我们并没有象赌博一样，

全部一下子投进去，一旦失败，整个企业就陷入困境了。

24、我们经常讲企业一定要有平常心，平常心其实就是我们要按照经济规律办事情，我

们不能好大喜功，不能急功近利，但很容易就被别人理解成说保守。进取心也是平常心，

68

就是说一个企业连进取心都没有怎么能生存得下来。

25、做人要有平常心，企业亦如是。但是在企业有了一定规模的时候，管理者要保持平

常心就有了一定难度，因为他可选择做的事情多了，选择的范围大了，同样，他犯错误的可
BLOCK_END
2025-06-29 20:42:33,997 - ERROR - BLOCK_START
无法提取有效问答。模型回复: 根据提供的原文内容，没有直接的提问或引用形式的问题引发段永平的回答。以下是提取的内容：

```json
[]
```

因为原文主要是对企业文化的阐述，并未包含具体的问答形式。如果需要进一步分析或有其他相关文本，请提供更多信息。

Block:
131

5、步步高企业文化

步步高企业文化宣传

企业文化是既重要又紧迫的事情

一般企业对企业文化的理解，觉得企业文化很重要，但是都认为不着急，先把最重要的

事做了，所以成天都是忙着做救火的事情，从来没有把企业文化放在非常急迫的位置。如果

不先对企业文化作深刻的理解，我们的指导思想、做事的原则、理念便没有高度统一，这样

大家在做事情的时候，肯定是各种方向都有，力没有往一处使，事情的结果便不可能好。

企业最终的成功, 90%的因素是文化的因素,一种长选目标的文化,它会保证上上下下,不

仅是目标一致,而且是言行一致、做法一致去完成一件事情。这种力量肯定是最大的，都是

从同一个方向使力，那这个力量便做得巨大无比，如果没有文化价值的东西让大家变得做事

情的原则是一致的，那所做的工作肯定会乱七八糟的，没有把所有力量进行合理的利用。

企业文化便是企业的价值观，他是企业最核心的东西，他决定了企业的其他方面，只有

价值观高度统一，才会有最大的合力，才会做得好每一件事。

言行一致，企业的价值观才会做得好，力量才会特别强大，我们企业最大的财富便是我

们十年来一直坚持的价值观，价值观不仅是需要去记住这些文字和理论上的东西，最重要的

是要在做任何事情的时候，无论巨细，能将价值观融入到我们的工作细节中去。

努力做合适又合格的人

对人的评价,一般是从两个方面来评定,一个是合格性,一个是合适性,合格性是指知识层

面的、经验的、学识性的东西,而合适性更多的是指意识方面,包括这个人的价值观、奉献精

神、投入程度等。

既不合格又不合适的人不会成为我们的一员,既合格又合适的人是极少数，我们企业的

主流是非常合适，但暂时不合格的人，暂时不合格不要紧，可通过培训、训练和经过自己的

努力逐步成为合格的人，对于企业来说，最容易出大问题的是怕用很合格，但是不合适的人，

哪怕他什么事都做得比别人好，但是他的整个价值观、理念和企业不相符，甚至是相违背的，

这迟早要出大问题,会对企业造成伤害。

我们每一个人都要努力做非常合适、而又合格的步步高通信人。

我不能成为最短的那一块

企业的竞争最终是文化的竞争，企业的竞争是一个相互学习的过程。而文化的东西是最

不容易学习的，企业的竞争也是寻找短处的竞争，我们找到对手的短处，把他的短处做成我

们的长处，击中他的破位，我们便能战胜对手。木桶能装多少水取决于最短的一块，企业也

132

是一样，我们能做多好并不取决于我们的优势，而是取决于做得最不好的地方，所以我们每

一个人都要不懈努力，不能让自己、让自己的团队成为最短的一块!

什么是企业文化？

是指企业经营实践过程中，逐步形成的为全体员工所认同、遵守，带有本企业特色的价

值观念。企业文化是无形的制度，是共同的语言，是共同的想法，是一致的行为方式。

一、愿景

愿景是一种意愿的表达，它定义了我们渴望成为什么，达到什么境界，创造出什么，是

公司为之奋斗的心愿和远景。

我们公司的愿景：成为更健康、更长久的企业。

利润（赚钱）是生存的必要条件，是实现更健康、更长久的手段。利润就像人体的氧气、

食物和水一样—— 没有他们，就没有生命。创造利润（赚钱）是公司的责任，一个不赚钱

的公司是不能长久的。

但是，赚钱不是我们的最终目的的，它是实现愿景的过程。这就像氧气、食物和水一

样—— 这些东西不可或缺，但它们不是生命的目的。

所以，我们需要创造利润，但我们更需要追求更广泛、更有意义的理想—— 成为更健

康、更长久的世界一流企业。尽管在某些事情上我们可能可以获得短期利益（表面上看起来

似乎暂时“对公司有利”），但如果因此而影响到公司长远的安全和健康，这种事情我们决不

能做。

追求愿景意味着我们必须要脚踏实地，做对的事情，不是本分的事情坚决不做；同时要
BLOCK_END
2025-06-29 20:42:38,782 - ERROR - BLOCK_START
无法提取有效问答。模型回复: 根据提供的原文内容，没有直接或间接的提问形式出现，也没有段永平的具体回答。因此，按照提取规则，这里没有符合要求的问答对可以提取。

输出结果如下：
```json
[]
```

如果有更多关于段永平的回答或其他相关的内容，请提供，以便进一步分析和提取。

Block:
求我们在永恒保存核心价值的基础上，积极改变除此之外的任何东西，以获得追求进步的驱

动力。

我们在创建基业长青的事业，这是我们的诺言，是不言自明的真理。50 年后，100 年后，

甚至更长的时间后，当人们审视步步高公司时，仍然会说：“这是一个基业长青的伟大公

司.......”

二、使命

使命是公司根本的、崇高的责任和义务，是公司存在的基本原因，它定义了不变的“我

们为什么存在” 。

我们公司的使命：

133

对消费者，提供品质优良的产品和服务。

对员工，营造和谐、相互尊重的工作氛围。

对商业伙伴，提供公平合理、对等互利的合作平台。

对股东，使其投入的股本有高于社会平均收益的回报。

1.我们的首要责任是对所有购买和使用我们产品的消费者负责。我们的产品品质和服务

品质必须要满足消费者的需求，并且高于对竞争对手的满意度。我们必须不断致力于降低产

品的成本，从而让更多的消费者能购买和使用我们的产品。我们必须不断缩短产品订单的交

货期，以最快的速度满足消费者的需要。我们致力于在产品和服务方面给顾客带来超凡的消

费体验，让消费者感受到产品的精美和高品质、服务的完善和细心。

2.我们的第二个责任是对在公司所有岗位工作的全体同仁负责。我们要为员工提高学习

和锻炼的机会，帮助员工提高基本素质、业务能力和综合素质。我们要为既合适又合格的员

工提供晋升的机会，在考核一个人时以道德品质和价值观念为基本依据。我们提供的工资必

须公平而适当，管理者必须公平公正，员工的工作环境必须整洁安全。我们尊重和珍视每位

员工的价值，我们相信，员工应该和公司共同成长，这是我们的责任和骄傲。

3.我们的第三个责任是对我们的供应商、经销商及其他所有商业伙伴负责。我们做生意

追求的是“商道”而非“商术”，我们首先要考虑合作伙伴的应有利润。在此基础上再追求自己

的合理利润，给每一位商业伙伴提供公平互利的合作平台。我们选择和评价商业伙伴时，关

注的是品质、价格和服务，以及诚信合作的一贯性，而不需考虑关系的亲疏及其他社会因素。

我们希望和我们的合作伙伴共同成长。

4.我们的第四个责任是对股东负责。我们必须赚取合理的相当利润，才能研发新项目、

制造新产品、实践新构想、制订新规划、支付合适的工资。我们尽到这一切责任后，股东们

应该得到公平合理的回报。公司健康、长久的发展离不开投资者（股东）的信任和支持，我

们必须给予投资者（股东）坚信的信心和公平的报偿。这是公司得以存在的基础，也是我们

诚信文化的体现。

三、核心价值观

134

核心价值观是公司的精神和持久的原则——是一套不需要外部调整的永恒指导原则，它

对于公司内部的人拥有的价值和意义。它定义了不变的“我们代表什么” 。

我们核心价值观的中心是“本分” ，它是我们价值观的灵魂，它决定了其他所有的观念

和处事的原则。本分做到之后，其他的核心价值观都会被涵盖进去。我们核心价值观的基础

是“消费者导向” ，消费者的需求（含显在和潜在的需求）是所有企业活动的原始起点。

本分：

做对的事情（有所为有所不为），把事情做对；

专注于自己所从事的工作，把结果放到第一位；

隔离外力，在平常的心态下，把握住我们应该做的合理方向；

本份规范了与人合作的态度——我不赚人便宜；

本分是当出现问题时，首先求责于己的态度。

压力和诱惑往往会使我们平常清静的心态受到震荡，而这种改变的结果大多将使我们偏

离正确的方向。本分则是在决策和行动时，我们能够首先将这种外在的作用力先行抛开，在

平常的心态下，把握住我们应该做的合理的方向，而不是首先被外在的作用力所牵引，以致

作出错误的选择。

我们宁愿自己吃点小亏，也不会去赚别人的便宜，这样做生意往往才能够取得双赢，也

才能长久。我们在做生意时追求的是“商道”而非“商术”。“商道”要求我们首先要考虑合作伙
BLOCK_END
2025-06-29 20:43:30,356 - ERROR - BLOCK_START
无法提取有效问答。模型回复: 根据提供的原文内容，段永平并没有直接回答任何问题或发表观点。因此，在这段文字中，并不符合提取规则中的问答对形式。以下是具体的分析：

1. **伴的应有利益，在此基础上再追求自己的合理利润，而绝非为了赚钱不择手段、损人利己。**
   - 无对应段永平的回答。

2. **出现问题时，我们不需要任何借口和理由，我们应该首先求责于己，反省自己做错了什么，应该如何去改善。**
   - 无对应段永平的回答。

3. **如何做到本分：**
   - 无对应段永平的回答。
   
4. **本分是付出代价的坚持；**
   - 无对应段永平的回答。
   
5. **本分是充分考虑对方的立场，己所不欲勿施于人；**
   - 无对应段永平的回答。

6. **本分是兢兢业业，做自己该做的事；**
   - 无对应段永平的回答。

7. **本分是不骄不躁，克己尽职；**
   - 无对应段永平的回答。

8. **本分是诚实守信，说到做到；**
   - 无对应段永平的回答。

9. **本分是不赚小便宜；**
   - 无对应段永平的回答。

10. **本分和诚信的不同：**
    - 无对应段永平的回答。
    
11. **诚信：百德诚为先，百事信为本；**
    - 无对应段永平的回答。
    
12. **不轻易的承诺，如果承诺了就一定要做到；**
    - 无对应段永平的回答。

13. **诚，即诚实、无欺，内诚于心；**
    - 无对应段永平的回答。

14. **信，即守承诺、讲信用，说到做到，外信于人，即使遭遇挫折、付出代价也要坚守；**
    - 无对应段永平的回答。
    
15. **诚信是一种责任、准则和资源。**
    - 无对应段永平的回答。

16. **我们要在自己的内心深处架起一杆道德天平，诚者不伪，无论外部环境怎样变化，都要忠实于内心的道德法则，真诚为人，不自欺，不欺人，这样才是内诚于心。**
    - 无对应段永平的回答。
    
17. **我们忠实于自己做出的每一个承诺，言必行，行必果，即使要为此付出艰难的努力、巨大的代价，也要恪守“说到就要做到”的准则，这样才能外信于人。**
    - 无对应段永平的回答。

18. **诚信不仅是一种品行，更是一种责任，不仅是一种道义，更是一种资源。我们把产品推向社会的过程。我们卖给顾客的不仅是商品，更是用心铸造的庄严承诺。我们用心设计品质、制造产品，用心沟通伙伴、服务顾客，用心锤炼品牌、树立形象。我们约束自己，诚笃于胸；我们言出必行，行出必果。**
    - 无对应段永平的回答。

19. **诚信是遵守承诺,说到做到**
    - 无对应段永平的回答。
    
20. **无论是与商业伙伴,还是顾客,还是在公司内部,以及所有与我们打交道的人之间,我们作出的承诺,定下的协议,口头的约定都要百分之百的去遵守,有时兑现承诺会遇到很多的特殊情况,或许是要付出很大的代价,或许是受到时间空间上的限制,等等,但这些都不能成为违约的理由,我们在作出承诺的时候,就应充分考虑到所有的情况，如果做不到,就不要轻易承诺,如果承诺了,就一定要不惜一切代价的去实现,能在面临困难和付出代价的时候兑现承诺，更能体现出我们诚信的优良品质。**
    - 无对应段永平的回答。
    
21. **诚信能够在很多地方得以体现，我们严谨的遵守公司的规章制度是诚信的表现,准时付款,准时交货,准时赴约,准时参加集体活动更是诚信的表现。总之,诚信就是自己的一切言行负责,说到做到。**
    - 无对应段永平的回答。

22. **诚信是一个人、一个企业立足的根本。一个言而有信的人，别人才会去信他。一个能兑现承诺的企业，才能基业长青，长成参天的大树。**
    - 无对应段永平的回答。
    
23. **团队：主动配合支持他人；**
    - 无对应段永平的回答。

24. **实现优势的整合，追求共赢；**
    - 无对应段永平的回答。

25. **没有团队的成功，就没有个人的成功；**
    - 无对应段永平的回答。

26. **相互信任，坦诚沟通，将个人融入团队，以共同愿景为最高目标。**
    - 无对应段永平的回答。

27. **尊重每一位员工的价值，我们相信，员工和公司共同成长，这是我们的责任和骄傲。**
    - 无对应段永平的回答。

28. **我们每个人的成功，都必须建立在团队成功的基础上。步步高的任何人，无论是要个人的能力价值得到发挥，还是要物质利益得到提高，前提都必须是步步高整个团队要取得成功。而一个成功的团队又会带给我们很多有形和无形的资产，会让我们终生受益。**
    - 无对应段永平的回答。

29. **团队中难免会有分歧，重要的是不能让分歧影响团队目标的达成。这就需要我们时刻用团队目标和共同愿景来审视自我，自觉将个人融入团队，相互信任，坦诚沟通，这样我们就能够撇弃偏见，协同工作，达成我们的共同目标。**
    - 无对应段永平的回答。

30. **步步高珍重和珍视每一位员工的价值。我们鼓励员工在工作中不断提升自我，并努力激发员工的潜能。因为我们相信，员工应该和公司共同成长，这是我们的责任和骄傲。**
    - 无对应段永平的回答。
    
31. **品质：没有品质一切都是负数；**
    - 无对应段永平的回答。

32. **以品质取得信任，以品牌提升价值；**
    - 无对应段永平的回答。

33. **品质是做出来的，不是检验出来的。**
    - 无对应段永平的回答。

综上所述，在这段文字中没有找到任何段永平的直接回答或回应内容，因此无法提取有效的问答对。

Block:
伴的应有利益，在此基础上再追求自己的合理利润，而绝非为了赚钱不择手段、损人利己。

出现问题时，我们不需要任何借口和理由，我们应该首先求责于己，反省自己做错了什

么，应该如何去改善。

如何做到本分：

本分是付出代价的坚持；

本分是充分考虑对方的立场，己所不欲勿施于人；

本分是兢兢业业，做自己该做的事；

本分是不骄不躁，克己尽职；

本分是诚实守信，说到做到；

本分是不赚小便宜；

135

本分和诚信的不同：

本分和诚信的不同是在于诚信是双方面的，有约定的，而本分是不需要约定的，是自己

主动知道要这样去做的。本分比诚信要高一个境界，它体现的是我们灵魂深处的东西。本分

涵盖了其他几项核心价值观（诚信、团队、品质、消费者导向），而诚信是本分一个方面的

体现。

诚信：

百德诚为先，百事信为本；

不轻易的承诺，如果承诺了就一定要做到；

诚，即诚实、无欺，内诚于心；

信，即守承诺、讲信用，说到做到，外信于人，即使遭遇挫折、付出代价也要坚守；

诚信是一种责任、准则和资源。

我们要在自己的内心深处架起一杆道德天平，诚者不伪，无论外部环境怎样变化，都要

忠实于内心的道德法则，真诚为人，不自欺，不欺人，这样才是内诚于心。

我们忠实于自己做出的每一个承诺，言必行，行必果，即使要为此付出艰难的努力、巨

大的代价，也要恪守“说到就要做到”的准则，这样才能外信于人。

诚信不仅是一种品行，更是一种责任，不仅是一种道义，更是一种资源。我们把产品推

向社会的过程。我们卖给顾客的不仅是商品，更是用心铸造的庄严承诺。我们用心设计品质、

制造产品，用心沟通伙伴、服务顾客，用心锤炼品牌、树立形象。我们约束自己，诚笃于胸；

我们言出必行，行出必果。

诚信是遵守承诺,说到做到

无论是与商业伙伴,还是顾客,还是在公司内部,以及所有与我们打交道的人之间,我们作

出的承诺,定下的协议,口头的约定都要百分之百的去遵守,有时兑现承诺会遇到很多的特殊

情况,或许是要付出很大的代价,或许是受到时间空间上的限制,等等,但这些都不能成为违约

的理由,我们在作出承诺的时候,就应充分考虑到所有的情况，如果做不到，就不要轻易承诺,

如果承诺了,就一定要不惜一切代价的去实现,能在面临困难和付出代价的时候兑现承诺，更

能体现出我们诚信的优良品质。

诚信能够在很多地方得以体现，我们严谨的遵守公司的规章制度是诚信的表现,准时付

款,准时交货,准时赴约,准时参加集体活动更是诚信的表现。总之，诚信就是自己的一切言行

负责,说到做到。

诚信是一个人、一个企业立足的根本。一个言而有信的人，别人才会去信他。一个能兑

136

现承诺的企业，才能基业长青，长成参天的大树。

团队：

主动配合支持他人；

实现优势的整合，追求共赢；

没有团队的成功，就没有个人的成功；

相互信任，坦诚沟通，将个人融入团队，以共同愿景为最高目标。

尊重每一位员工的价值，我们相信，员工和公司共同成长，这是我们的责任和骄傲。

我们每个人的成功，都必须建立在团队成功的基础上。步步高的任何人，无论是要个人

的能力价值得到发挥，还是要物质利益得到提高，前提都必须是步步高整个团队要取得成功。

而一个成功的团队又会带给我们很多有形和无形的资产，会让我们终生受益。

团队中难免会有分歧，重要的是不能让分歧影响团队目标的达成。这就需要我们时刻用

团队目标和共同愿景来审视自我，自觉将个人融入团队，相互信任，坦诚沟通，这样我们就

能够撇弃偏见，协同工作，达成我们的共同目标。

步步高珍重和珍视每一位员工的价值。我们鼓励员工在工作中不断提升自我，并努力激

发员工的潜能。因为我们相信，员工应该和公司共同成长，这是我们的责任和骄傲。

品质：

没有品质一切都是负数；

以品质取得信任，以品牌提升价值；

品质是做出来的，不是检验出来的；
BLOCK_END
2025-06-29 20:43:37,114 - ERROR - BLOCK_START
无法提取有效问答。模型回复: 根据提供的原文内容，并未直接包含段永平的具体问答或回应，因此无法按照要求提取有效的问答对。以下是原文的主要内容概述：

1. 强调品质的重要性。
2. 解释了品质的定义和追求方式。
3. 提到步步高公司如何从消费者角度出发进行产品设计和服务提升。
4. 介绍了“五心”文化理念。

由于没有段永平的具体回应或直接问答形式的内容，因此无法生成符合要求的问答对。如果有具体的段永平回答内容，请提供原文以便进一步分析和提取。

Block:
品质就是生命；

品质是精益求精的一种追求，是必须要满足顾客的需求并且高于对竞争对手的满意度；

品质是设计出来的，是全员关心和环环相扣的一个系统工程；

不断提升产品品质，这不仅是我们的价值，更是我们的尊严。

顾客需求的是全面的品质，包括产品的精美度、人性化、可靠性和性价比。我们不仅要

满足顾客需求，更要比竞争对手做得更多更好，让消费者更满意。品质是精益求精的一种追

求，是一种要不断靠近、一种发自内心的真诚的向往和渴望。

品质是设计出来的，我们会主动贴近市场，努力发掘所有可能为顾客带来愉悦感受的潜

在机会，并将之转化为设计语言。我们在设计产品时，以追求产品的人性化、精美度和零缺

137

陷为出发点，旨在产品推出时具有震撼力，能够给顾客带来超凡的消费体验，消费者能够感

受到产品的精美与高品质。这就是我们一贯坚持的开发“英雄产品”的思路。

我们有这样的共识：步步高公司与“步步高”品牌同生共荣，而步步高的品质又是步步高

人价值与尊严的起点。我们深知，品质是企业生存之根本，没有品质就没有一切，我们对品

质的追求永无止境。

品质方针：

不懈进取，步步登高，为用户提供令其完全满意的产品和服务，我们的步步高品牌，必

须是高品质的象征。

假设大家工作时99.9%地投入，那么：

每小时将有1.6 万件邮件在邮寄途中丢失；

每小时会有2.2 万张支票被存入错误的银行账户；

每天将有50 个新生儿因身份被搞混，而被交给错误的父母；

医院里每星期会有500 例错误手术；

药剂师每年将给2 万个病人开错药；

你的心脏每年会停止跳动3.2 万次。

所以：品质就是生命！

消费者导向：

消费者是检验我们工作的唯一标准；

步步高不仅注重消费者需求，也注重消费者购买后的评价。

从消费者的角度来设计产品、提高服务，避免做貌似消费者喜欢的东西；

通过科学、严谨的市场调查，充分地研究消费者的需求，消费者的需求是所有企业活动

的原始起点；

在公司内部的日常工作中，要坚持内部客户导向的原则。

我们公司的所有经营活动必须要首先从消费者的角度来看，这是消费者需要的吗？消费

者会喜欢吗？然后再从这个角度来开发产品、提供服务——这就是消费者导向。我们要坚决

避免做貌似消费者喜欢的东西。

市场上必定存在这样的需求：它是消费者所需要的、我们能够做出优势，并且能比竞争

对手更好的满足消费者。我们要去寻找、挖掘和发现这种需求，巧妙的将产品在功能和技术

138

上的创新优势转化为消费者的利益，在满足消费者需求和发挥我们自身特色上保持良好的平

衡。

在公司内部，有我们各自的内部顾客。我们工作时首先要弄清楚，自己的直接客户是

谁，他喜欢我所做的工作吗，我所到的结果正是他需要的吗。我们工作的目的不是为了完成

任务，而是为了创造卓越的结果，使顾客更满意。内部客户导向是消费者导向在公司内部日

常工作中的表现。

———— 这叫彻底消费者导向！

五心

平常心就是“做我们该做的事"，“做我们能做的事”，脚踏实地,稳健发展.

进取心就是“要做就做最好”,即努力把我们该做的事、能做的事做到最好,让我们的顾客

完全满意.

责任心要求我们一切言行都必须本着负责任的态度,所有商业决定和行为必须基于步步

高的最大利益,而不应出于个人利益、情感和人际关系。

责任心要求我们对股东负责,对用户(终端消费者)负责,对客户(供应商和销售商及其它形

式的合作者)负责,对员工负责,对社会和国家负责。

耐心要求我们有充分的心理准备,理性对待激烈的竞争工作的困难和他人的误解,始终不

急不躁,坚忍不拔。

爱心首先意味着付出和奉献,同时也将会分享他人的关爱与扶助,企业必以商业利益最大

化为归依，但决非一部利润机器。步步高是一个平等、友爱、和谐、分享成功的情感共同体。

vivo 文化2.0
BLOCK_END
2025-06-29 20:44:33,573 - ERROR - BLOCK_START
无法提取有效问答。模型回复: ```json
[
  {
    "question": "老百姓接受的产品，而不是自己主观去搞一些噱头，为差异化而差异化。我们为什么不提创新？因为创新可能会使人产生误解，为创新而创新，结果弄出来的东西市场不接受，消费者不接受，只能把自己做死。其实我们要做的就是当你发现消费者需要的时候去满足它。做到这一点其实不容易的，我们做信息电话创意就很好，我们曾经开发过的“光盘录像DVD”，工程师们都认为很好，结果消费者不买帐，就是二个失败的例子，这方面的亏我们不能再吃了。",
    "answer": ""
  },
  {
    "question": "有人说包装消费者不需要，其实包装也是十分重要的，也是消费者需要的，想想消费者买个光机回家是什么心情，这是个消费习惯和心理的问题。我们的宣传广告也要正确简洁地告诉消费者，不能说一些言过其实的话去蒙骗消费者，假话说多了，人家也就不信了，你也就没得玩了。",
    "answer": ""
  },
  {
    "question": "袁鸣：当然不是，人家是有核心竞争力，它有自己的自主创新能够引领...段：你买东西的时候，会问这个问题吗？说步步高是原创，我现在问你一个问题，请告诉我微软的什么产品是原创的？你回答我这个问题，你能想出微软的东西是原创的、你知道的产品，我付你钱，你说是windows 还是office 还是word 还是X-box 还是vista？大家去想。",
    "answer": ""
  },
  {
    "question": "同学：现在中国在纽约所还有纳斯达克有那几家，我也是在做网游这方面东西的，那您说过一句话就是敢为天下后，因为敢为天下后，您是敢说，但是其实很多做企业的话，我也是在做企业，其实说尤其是从小企业开始做的话，其实很难。您以前做过VCD，包括现在网游现在进入时间的话，其实已经算是比较晚一点，而且这个时候行业集中度已经很高，平均利润率已经很低，当初您的企业是有哪些核心竞争力能够保证您在当初的行业中能够做到？",
    "answer": ""
  }
]
```

根据提供的原文内容，段永平的回答并未直接给出。因此，在当前文本中没有找到具体的问答对。以上输出为符合提取规则的格式示例。

Block:
老百姓接受的产品，而不是自己主观去搞一些噱头，为差异化而差异化。我们为什么不提创

新？因为创新可能会使人产生误解，为创新而创新，结果弄出来的东西市场不接受，消费者

不接受，只能把自己做死。其实我们要做的就是当你发现消费者需要的时候去满足它。做到

这一点其实不容易的，我们做信息电话创意就很好，我们曾经开发过的“光盘录像DVD”，工

程师们都认为很好，结果消费者不买帐，就是二个失败的例子，这方面的亏我们不能再吃了。

142

有人说包装消费者不需要，其实包装也是十分重要的，也是消费者需要的，想想消费者买个

光机回家是什么心情，这是个消费习惯和心理的问题。我们的宣传广告也要正确简洁地告诉

消费者，不能说一些言过其实的话去蒙骗消费者，假话说多了，人家也就不信了，你也就没

得玩了。

2007 年

袁鸣：当然不是，人家是有核心竞争力，它有自己的自主创新能够引领...

段：你买东西的时候，会问这个问题吗？说步步高是原创，我现在问你一个问题，请告

诉我微软的什么产品是原创的？你回答我这个问题，你能想出微软的东西是原创的、你知道

的产品，我付你钱，你说是windows 还是office 还是word 还是X-box 还是vista？大家去想。

我们公司叫敢为天下后，其实全世界最大的敢为天下后的样板就是微软，没有人想明白这个

道理，微软哪样东西是比别人先做的？都不是！我们讲的是消费者导向，原创什么我们有非

常多的原创，我们从来不说，因为你买东西的时候你并不在意这个是不是原创，所以我们公

司是反对单纯的讲创新的，我们叫消费者导向。我们不能够说我们为新而新，我们跟别人不

一样我们就叫好，那个是错的。我们东西凭什么能够卖得好？凭什么能够比大多数的竞争对

手贵很多？包括我们现在像我们OPPO DVD ，在美国市场我们亚马逊上，我们因为只在网上

卖，我们在网上亚马逊上bestseller 了已经好几个月了，总是卖的最好的。（2007 年7 月《波

士堂》）

同学：现在中国在纽约所还有纳斯达克有那几家，我也是在做网游这方面东西的，那您

说过一句话就是敢为天下后，因为敢为天下后，您是敢说，但是其实很多做企业的话，我也

是自己在做企业，其实说尤其是从小企业开始做的话，其实很难。您以前做过VCD，包括现

在网游现在进入时间的话，其实已经算是比较晚一点，而且这个时候行业集中度已经很高，

平均利润率已经很低，当初您的企业是有哪些核心竞争力能够保证您在当初的行业中能够做

到？

段：任何一个成功的东西，没有什么东西可以保证的，但是从概率上来讲呢，我们有一

些经验是可以有作用。首先我要说敢为天下后呢，其实不是我说的，这个我今天跟其他同学

已经讲过，叫老子曰，就是老子说的，说吾有三宝，一曰勤，二曰俭，三曰不为天下先。那

么说这个经验呢，我觉得我们企业，其实做企业非常简单，就叫做消费者导向，这个东西说

起来非常简单，但是真正这样做的人非常少，绝大多数都是生意导向，是赚钱导向。只要你

觉得这个市场足够大，时间足够长，我就什么时候介入都是不晚的。你比方说假设这个市场

有五十年的市场，你说我晚五年有什么关系吗？没有什么关系。（2007 年《与浙大学生对

话》）

段：很多人问我，你们成功有什么不同于别人的地方？我说托尔斯泰说过，“幸福的家

143

庭都是相似的”。要真问什么特别的东西，你去问那些破产了的，对不对？做得好的企业其

实都那几招，就是消费者导向，认真把做好你自己的事情，产品做好啊，找到需求啊，把

细节做好啊。所有的细节，因为公司最重要，就像水桶理论，它不是取决于某一样做得长做

得好，而是取决于哪样做的不好，任何一样做的不好的东西是真正反映你公司水平的地方。

那么你做的好了，好了也白好，因为你不好的东西会把它拖下来，所以你要把最短的东西慢
BLOCK_END
